<?xml version="1.0" encoding="UTF-8"?>
<!-- Generated by org.testng.reporters.JUnitXMLReporter -->
<testsuite ignored="0" hostname="DESKTOP-EQS1DFQ" failures="0" tests="4" name="Test" time="292.818" errors="0" timestamp="2022-09-08T16:09:39 IST">
  <testcase classname="com.qa.testLayer.RegisterPatientTest" name="verifyPatientRegistering" time="53.273"/>
  <testcase classname="com.qa.testLayer.FindPatientRecordTest" name="verifyPatientFinding" time="30.315"/>
  <testcase classname="com.qa.testLayer.BookAppointmentTest" name="verifyPatientFinding" time="47.539"/>
  <testcase classname="com.qa.testLayer.DeleteRecordTest" name="verifyRecordDelete" time="39.92"/>
</testsuite> <!-- Test -->
