<?xml version="1.0" encoding="UTF-8"?>
<testng-results ignored="0" total="4" passed="4" failed="0" skipped="0">
  <reporter-output>
  </reporter-output>
  <suite started-at="2022-09-08T16:04:46 IST" name="Suite" finished-at="2022-09-08T16:09:39 IST" duration-ms="292818">
    <groups>
    </groups>
    <test started-at="2022-09-08T16:04:46 IST" name="Test" finished-at="2022-09-08T16:09:39 IST" duration-ms="292818">
      <class name="com.qa.testLayer.FindPatientRecordTest">
        <test-method is-config="true" signature="setUp()[pri:0, instance:com.qa.testLayer.FindPatientRecordTest@c33b74f]" started-at="2022-09-08T16:06:29 IST" name="setUp" finished-at="2022-09-08T16:06:54 IST" duration-ms="24800" status="PASS">
          <reporter-output>
          </reporter-output>
        </test-method> <!-- setUp -->
        <test-method signature="verifyPatientFinding()[pri:2, instance:com.qa.testLayer.FindPatientRecordTest@c33b74f]" started-at="2022-09-08T16:06:54 IST" name="verifyPatientFinding" finished-at="2022-09-08T16:07:24 IST" duration-ms="30315" status="PASS">
          <reporter-output>
          </reporter-output>
        </test-method> <!-- verifyPatientFinding -->
        <test-method is-config="true" signature="tearDown()[pri:0, instance:com.qa.testLayer.FindPatientRecordTest@c33b74f]" started-at="2022-09-08T16:07:24 IST" name="tearDown" finished-at="2022-09-08T16:07:26 IST" duration-ms="2378" status="PASS">
          <reporter-output>
          </reporter-output>
        </test-method> <!-- tearDown -->
      </class> <!-- com.qa.testLayer.FindPatientRecordTest -->
      <class name="com.qa.testLayer.BookAppointmentTest">
        <test-method is-config="true" signature="setUp()[pri:0, instance:com.qa.testLayer.BookAppointmentTest@130161f7]" started-at="2022-09-08T16:07:26 IST" name="setUp" finished-at="2022-09-08T16:07:55 IST" duration-ms="28085" status="PASS">
          <reporter-output>
          </reporter-output>
        </test-method> <!-- setUp -->
        <test-method signature="verifyPatientFinding()[pri:3, instance:com.qa.testLayer.BookAppointmentTest@130161f7]" started-at="2022-09-08T16:07:55 IST" name="verifyPatientFinding" finished-at="2022-09-08T16:08:42 IST" duration-ms="47539" status="PASS">
          <reporter-output>
          </reporter-output>
        </test-method> <!-- verifyPatientFinding -->
        <test-method is-config="true" signature="tearDown()[pri:0, instance:com.qa.testLayer.BookAppointmentTest@130161f7]" started-at="2022-09-08T16:08:42 IST" name="tearDown" finished-at="2022-09-08T16:08:43 IST" duration-ms="825" status="PASS">
          <reporter-output>
          </reporter-output>
        </test-method> <!-- tearDown -->
      </class> <!-- com.qa.testLayer.BookAppointmentTest -->
      <class name="com.qa.testLayer.RegisterPatientTest">
        <test-method is-config="true" signature="setUp()[pri:0, instance:com.qa.testLayer.RegisterPatientTest@9225652]" started-at="2022-09-08T16:04:46 IST" name="setUp" finished-at="2022-09-08T16:05:31 IST" duration-ms="44777" status="PASS">
          <reporter-output>
          </reporter-output>
        </test-method> <!-- setUp -->
        <test-method signature="verifyPatientRegistering()[pri:1, instance:com.qa.testLayer.RegisterPatientTest@9225652]" started-at="2022-09-08T16:05:31 IST" name="verifyPatientRegistering" finished-at="2022-09-08T16:06:24 IST" duration-ms="53273" status="PASS">
          <reporter-output>
          </reporter-output>
        </test-method> <!-- verifyPatientRegistering -->
        <test-method is-config="true" signature="tearDown()[pri:0, instance:com.qa.testLayer.RegisterPatientTest@9225652]" started-at="2022-09-08T16:06:24 IST" name="tearDown" finished-at="2022-09-08T16:06:29 IST" duration-ms="4531" status="PASS">
          <reporter-output>
          </reporter-output>
        </test-method> <!-- tearDown -->
      </class> <!-- com.qa.testLayer.RegisterPatientTest -->
      <class name="com.qa.testLayer.DeleteRecordTest">
        <test-method is-config="true" signature="setUp()[pri:0, instance:com.qa.testLayer.DeleteRecordTest@2c767a52]" started-at="2022-09-08T16:08:43 IST" name="setUp" finished-at="2022-09-08T16:08:58 IST" duration-ms="15140" status="PASS">
          <reporter-output>
          </reporter-output>
        </test-method> <!-- setUp -->
        <test-method signature="verifyRecordDelete()[pri:4, instance:com.qa.testLayer.DeleteRecordTest@2c767a52]" started-at="2022-09-08T16:08:58 IST" name="verifyRecordDelete" finished-at="2022-09-08T16:09:38 IST" duration-ms="39920" status="PASS">
          <reporter-output>
          </reporter-output>
        </test-method> <!-- verifyRecordDelete -->
        <test-method is-config="true" signature="tearDown()[pri:0, instance:com.qa.testLayer.DeleteRecordTest@2c767a52]" started-at="2022-09-08T16:09:38 IST" name="tearDown" finished-at="2022-09-08T16:09:39 IST" duration-ms="1071" status="PASS">
          <reporter-output>
          </reporter-output>
        </test-method> <!-- tearDown -->
      </class> <!-- com.qa.testLayer.DeleteRecordTest -->
    </test> <!-- Test -->
  </suite> <!-- Suite -->
</testng-results>
