<?xml version="1.0" encoding="UTF-8"?>
<testng-results ignored="0" total="3" passed="2" failed="1" skipped="0">
  <reporter-output>
  </reporter-output>
  <suite started-at="2022-09-08T14:02:45 IST" name="Suite" finished-at="2022-09-08T14:05:50 IST" duration-ms="185110">
    <groups>
    </groups>
    <test started-at="2022-09-08T14:02:45 IST" name="Test" finished-at="2022-09-08T14:05:50 IST" duration-ms="185110">
      <class name="com.qa.testLayer.FindPatientRecordTest">
        <test-method is-config="true" signature="setUp()[pri:0, instance:com.qa.testLayer.FindPatientRecordTest@35ef1869]" started-at="2022-09-08T14:03:50 IST" name="setUp" finished-at="2022-09-08T14:04:03 IST" duration-ms="12934" status="PASS">
          <reporter-output>
          </reporter-output>
        </test-method> <!-- setUp -->
        <test-method signature="verifyPatientFinding()[pri:0, instance:com.qa.testLayer.FindPatientRecordTest@35ef1869]" started-at="2022-09-08T14:04:03 IST" name="verifyPatientFinding" finished-at="2022-09-08T14:04:56 IST" duration-ms="52883" status="PASS">
          <reporter-output>
          </reporter-output>
        </test-method> <!-- verifyPatientFinding -->
        <test-method is-config="true" signature="tearDown()[pri:0, instance:com.qa.testLayer.FindPatientRecordTest@35ef1869]" started-at="2022-09-08T14:04:56 IST" name="tearDown" finished-at="2022-09-08T14:04:57 IST" duration-ms="667" status="PASS">
          <reporter-output>
          </reporter-output>
        </test-method> <!-- tearDown -->
      </class> <!-- com.qa.testLayer.FindPatientRecordTest -->
      <class name="com.qa.testLayer.RegisterPatientTest">
        <test-method is-config="true" signature="setUp()[pri:0, instance:com.qa.testLayer.RegisterPatientTest@64cd705f]" started-at="2022-09-08T14:02:45 IST" name="setUp" finished-at="2022-09-08T14:03:16 IST" duration-ms="31413" status="PASS">
          <reporter-output>
          </reporter-output>
        </test-method> <!-- setUp -->
        <test-method signature="verifyPatientRegistering()[pri:0, instance:com.qa.testLayer.RegisterPatientTest@64cd705f]" started-at="2022-09-08T14:03:16 IST" name="verifyPatientRegistering" finished-at="2022-09-08T14:03:48 IST" duration-ms="32007" status="FAIL">
          <exception class="org.openqa.selenium.ElementClickInterceptedException">
            <message>
              <![CDATA[element click intercepted: Element <a href="/openmrs/appui/header/logout.action?successUrl=openmrs">...</a> is not clickable at point (1114, 35). Other element would receive the click: <div class="toast-item toast-type-success" style="">...</div>
  (Session info: chrome=104.0.5112.102)
Build info: version: '3.141.59', revision: 'e82be7d358', time: '2018-11-14T08:17:03'
System info: host: 'DESKTOP-EQS1DFQ', ip: '192.168.47.1', os.name: 'Windows 10', os.arch: 'amd64', os.version: '10.0', java.version: '18.0.1'
Driver info: org.openqa.selenium.chrome.ChromeDriver
Capabilities {acceptInsecureCerts: false, browserName: chrome, browserVersion: 104.0.5112.102, chrome: {chromedriverVersion: 104.0.5112.79 (3cf3e8c8a07d..., userDataDir: C:\Users\kunal\AppData\Loca...}, goog:chromeOptions: {debuggerAddress: localhost:62678}, javascriptEnabled: true, networkConnectionEnabled: false, pageLoadStrategy: normal, platform: WINDOWS, platformName: WINDOWS, proxy: Proxy(), setWindowRect: true, strictFileInteractability: false, timeouts: {implicit: 0, pageLoad: 300000, script: 30000}, unhandledPromptBehavior: dismiss and notify, webauthn:extension:credBlob: true, webauthn:extension:largeBlob: true, webauthn:virtualAuthenticators: true}
Session ID: 7a730d1d1353d8c16958f3911b27c790]]>
            </message>
            <full-stacktrace>
              <![CDATA[org.openqa.selenium.ElementClickInterceptedException: element click intercepted: Element <a href="/openmrs/appui/header/logout.action?successUrl=openmrs">...</a> is not clickable at point (1114, 35). Other element would receive the click: <div class="toast-item toast-type-success" style="">...</div>
  (Session info: chrome=104.0.5112.102)
Build info: version: '3.141.59', revision: 'e82be7d358', time: '2018-11-14T08:17:03'
System info: host: 'DESKTOP-EQS1DFQ', ip: '192.168.47.1', os.name: 'Windows 10', os.arch: 'amd64', os.version: '10.0', java.version: '18.0.1'
Driver info: org.openqa.selenium.chrome.ChromeDriver
Capabilities {acceptInsecureCerts: false, browserName: chrome, browserVersion: 104.0.5112.102, chrome: {chromedriverVersion: 104.0.5112.79 (3cf3e8c8a07d..., userDataDir: C:\Users\kunal\AppData\Loca...}, goog:chromeOptions: {debuggerAddress: localhost:62678}, javascriptEnabled: true, networkConnectionEnabled: false, pageLoadStrategy: normal, platform: WINDOWS, platformName: WINDOWS, proxy: Proxy(), setWindowRect: true, strictFileInteractability: false, timeouts: {implicit: 0, pageLoad: 300000, script: 30000}, unhandledPromptBehavior: dismiss and notify, webauthn:extension:credBlob: true, webauthn:extension:largeBlob: true, webauthn:virtualAuthenticators: true}
Session ID: 7a730d1d1353d8c16958f3911b27c790
at java.base/jdk.internal.reflect.DirectConstructorHandleAccessor.newInstance(DirectConstructorHandleAccessor.java:67)
at java.base/java.lang.reflect.Constructor.newInstanceWithCaller(Constructor.java:499)
at java.base/java.lang.reflect.Constructor.newInstance(Constructor.java:483)
at org.openqa.selenium.remote.http.W3CHttpResponseCodec.createException(W3CHttpResponseCodec.java:187)
at org.openqa.selenium.remote.http.W3CHttpResponseCodec.decode(W3CHttpResponseCodec.java:122)
at org.openqa.selenium.remote.http.W3CHttpResponseCodec.decode(W3CHttpResponseCodec.java:49)
at org.openqa.selenium.remote.HttpCommandExecutor.execute(HttpCommandExecutor.java:158)
at org.openqa.selenium.remote.service.DriverCommandExecutor.execute(DriverCommandExecutor.java:83)
at org.openqa.selenium.remote.RemoteWebDriver.execute(RemoteWebDriver.java:552)
at org.openqa.selenium.remote.RemoteWebElement.execute(RemoteWebElement.java:285)
at org.openqa.selenium.remote.RemoteWebElement.click(RemoteWebElement.java:84)
at java.base/jdk.internal.reflect.DirectMethodHandleAccessor.invoke(DirectMethodHandleAccessor.java:104)
at java.base/java.lang.reflect.Method.invoke(Method.java:577)
at org.openqa.selenium.support.pagefactory.internal.LocatingElementHandler.invoke(LocatingElementHandler.java:51)
at jdk.proxy2/jdk.proxy2.$Proxy12.click(Unknown Source)
at com.qa.pageLayer.HomePage.logoutBtn(HomePage.java:38)
at com.qa.testLayer.RegisterPatientTest.verifyPatientRegistering(RegisterPatientTest.java:51)
at java.base/jdk.internal.reflect.DirectMethodHandleAccessor.invoke(DirectMethodHandleAccessor.java:104)
at java.base/java.lang.reflect.Method.invoke(Method.java:577)
at org.testng.internal.MethodInvocationHelper.invokeMethod(MethodInvocationHelper.java:133)
at org.testng.internal.TestInvoker.invokeMethod(TestInvoker.java:598)
at org.testng.internal.TestInvoker.invokeTestMethod(TestInvoker.java:173)
at org.testng.internal.MethodRunner.runInSequence(MethodRunner.java:46)
at org.testng.internal.TestInvoker$MethodInvocationAgent.invoke(TestInvoker.java:824)
at org.testng.internal.TestInvoker.invokeTestMethods(TestInvoker.java:146)
at org.testng.internal.TestMethodWorker.invokeTestMethods(TestMethodWorker.java:146)
at org.testng.internal.TestMethodWorker.run(TestMethodWorker.java:128)
at java.base/java.util.ArrayList.forEach(ArrayList.java:1511)
at org.testng.TestRunner.privateRun(TestRunner.java:794)
at org.testng.TestRunner.run(TestRunner.java:596)
at org.testng.SuiteRunner.runTest(SuiteRunner.java:377)
at org.testng.SuiteRunner.runSequentially(SuiteRunner.java:371)
at org.testng.SuiteRunner.privateRun(SuiteRunner.java:332)
at org.testng.SuiteRunner.run(SuiteRunner.java:276)
at org.testng.SuiteRunnerWorker.runSuite(SuiteRunnerWorker.java:53)
at org.testng.SuiteRunnerWorker.run(SuiteRunnerWorker.java:96)
at org.testng.TestNG.runSuitesSequentially(TestNG.java:1212)
at org.testng.TestNG.runSuitesLocally(TestNG.java:1134)
at org.testng.TestNG.runSuites(TestNG.java:1063)
at org.testng.TestNG.run(TestNG.java:1031)
at org.testng.remote.AbstractRemoteTestNG.run(AbstractRemoteTestNG.java:115)
at org.testng.remote.RemoteTestNG.initAndRun(RemoteTestNG.java:251)
at org.testng.remote.RemoteTestNG.main(RemoteTestNG.java:77)
]]>
            </full-stacktrace>
          </exception> <!-- org.openqa.selenium.ElementClickInterceptedException -->
          <reporter-output>
          </reporter-output>
        </test-method> <!-- verifyPatientRegistering -->
        <test-method is-config="true" signature="tearDown()[pri:0, instance:com.qa.testLayer.RegisterPatientTest@64cd705f]" started-at="2022-09-08T14:03:49 IST" name="tearDown" finished-at="2022-09-08T14:03:50 IST" duration-ms="1684" status="PASS">
          <reporter-output>
          </reporter-output>
        </test-method> <!-- tearDown -->
      </class> <!-- com.qa.testLayer.RegisterPatientTest -->
      <class name="com.qa.testLayer.DeleteRecordTest">
        <test-method is-config="true" signature="setUp()[pri:0, instance:com.qa.testLayer.DeleteRecordTest@c33b74f]" started-at="2022-09-08T14:04:57 IST" name="setUp" finished-at="2022-09-08T14:05:12 IST" duration-ms="14787" status="PASS">
          <reporter-output>
          </reporter-output>
        </test-method> <!-- setUp -->
        <test-method signature="verifyRecordDelete()[pri:0, instance:com.qa.testLayer.DeleteRecordTest@c33b74f]" started-at="2022-09-08T14:05:12 IST" name="verifyRecordDelete" finished-at="2022-09-08T14:05:49 IST" duration-ms="37552" status="PASS">
          <reporter-output>
          </reporter-output>
        </test-method> <!-- verifyRecordDelete -->
        <test-method is-config="true" signature="tearDown()[pri:0, instance:com.qa.testLayer.DeleteRecordTest@c33b74f]" started-at="2022-09-08T14:05:49 IST" name="tearDown" finished-at="2022-09-08T14:05:50 IST" duration-ms="507" status="PASS">
          <reporter-output>
          </reporter-output>
        </test-method> <!-- tearDown -->
      </class> <!-- com.qa.testLayer.DeleteRecordTest -->
    </test> <!-- Test -->
  </suite> <!-- Suite -->
</testng-results>
